DATE	  TIME		ph	EC
13/4/2015,17:39:26	3.870	0.00
13/4/2015,17:39:38	3.866	0.00
13/4/2015,17:39:50	3.868	0.00
13/4/2015,17:40:3	3.869	0.00
DATE	  TIME		ph	EC
13/4/2015,17:42:34	0.00	0.00
13/4/2015,17:42:37	0.00	0.00
13/4/2015,17:42:40	0.00	0.00
13/4/2015,17:42:43	0.00	0.00
DATE	  TIME		ph	EC
13/4/2015,18:40:56	3.861	0.00
13/4/2015,18:41:8	3.861	0.00
13/4/2015,18:41:20	3.863	0.00
13/4/2015,18:41:32	3.861	0.00
DATE	  TIME		ph	EC
13/4/2015,18:46:15	3.862	0.00
13/4/2015,18:46:27	3.861	0.00
13/4/2015,18:46:39	3.861	0.00
13/4/2015,18:46:51	3.859	0.00
DATE	  TIME		ph	EC
14/4/2015,1:49:9	3.836	0.00
14/4/2015,1:49:22	3.836	0.00
14/4/2015,1:49:34	3.839	0.00
14/4/2015,1:49:46	3.835	0.00
DATE	  TIME		ph	EC
14/4/2015,1:50:51	3.836	0.00
14/4/2015,1:51:3	3.837	0.00
14/4/2015,1:51:44	3.837	0.00
14/4/2015,1:51:56	0.00	0.00
DATE	  TIME		ph	EC
14/4/2015,1:57:23	3.839	0.00
14/4/2015,1:57:36	3.840	0.00
14/4/2015,1:57:48	3.837	0.00
14/4/2015,1:58:0	3.837	0.00
DATE	  TIME		ph	EC
14/4/2015,2:46:33	3.831	0.00
14/4/2015,2:46:45	3.838	0.00
14/4/2015,2:46:57	3.836	0.00
14/4/2015,2:47:9	3.838	0.00
DATE	  TIME		ph	EC
DATE	  TIME		ph	EC
DATE	  TIME		ph	EC
DATE	  TIME		ph	EC
14/4/2015,8:58:47	20.0	40.0%
DATE	  TIME		ph	EC
14/4/2015,8:59:14	20.0	40.0%
DATE	  TIME		ph	EC
14/4/2015,8:59:32	20.0	40.0%
DATE	  TIME		ph	EC
14/4/2015,9:0:30	20.0	40.0%
DATE	  TIME		ph	EC
14/4/2015,9:0:40	20.0	40.0%
DATE	  TIME		ph	EC
DATE	  TIME		ph	EC
14/4/2015,9:5:7	20.0	40.0%
DATE	  TIME		ph	EC
14/4/2015,9:6:36	20.0	40.0%
DATE	  TIME		ph	EC
14/4/2015,9:8:38	20.0	40.0%
DATE	  TIME		ph	EC
14/4/2015,9:13:39	20.0	40.0%
DATE	  TIME		ph	EC
14/4/2015,9:14:8	20.0	40.0%
DATE	  TIME		ph	EC
14/4/2015,9:30:14	25.8	C41.4%
DATE	  TIME		ph	EC
14/4/2015,9:35:29	25.3	C42.0%
DATE	  TIME		ph	EC
14/4/2015,9:36:9	25.1	C42.4%
DATE	  TIME		ph	EC
14/4/2015,9:40:16	25.2	C42.1%
DATE	  TIME		ph	EC
14/4/2015,9:42:0	25.3	C41.5%
DATE	  TIME		ph	EC
14/4/2015,9:50:44	25.2	C41.5%
DATE	  TIME		ph	EC
14/4/2015,9:54:26	25.1	C42.3%
DATE	  TIME		ph	EC
14/4/2015,9:57:49	25.1	C41.5%
DATE	  TIME		ph	EC
DATE	  TIME		ph	EC
DATE	  TIME		ph	EC
14/4/2015,10:51:7	24.7	C40.8%
DATE	  TIME		ph	EC
DATE	  TIME		ph	EC	Temp	Hum
14/4/2015,11:4:17	24.5	C42.0%
DATE	  TIME		ph	EC	Temp	Hum
14/4/2015,11:6:13	24.5	C42.0%
DATE	  TIME		ph	EC	Temp	Hum
DATE	  TIME		ph	EC	Temp	Hum
DATE	  TIME		ph	EC	Temp	Hum
